<?xml version="1.0" encoding="UTF-8"?>
<!-- Generated by org.testng.reporters.JUnitXMLReporter -->
<testsuite ignored="0" hostname="Vigneshs-MacBook-Pro-3.local" failures="0" tests="2" name="Command line test" time="17.882" errors="0" timestamp="2020-11-21T18:50:16 PST">
  <testcase classname="AutomationTest.BrightTalkTest.RunnerTest" name="feature" time="15.74"/>
  <testcase classname="AutomationTest.BrightTalkTest.RunnerTest" name="feature" time="1.895"/>
</testsuite> <!-- Command line test -->
