<?xml version="1.0" encoding="UTF-8"?>
<testng-results ignored="0" total="2" passed="2" failed="0" skipped="0">
  <reporter-output>
  </reporter-output>
  <suite started-at="2020-11-21T18:49:58 PST" name="AutomationTest.BrightTalkTest.RunnerTest" finished-at="2020-11-21T18:50:15 PST" duration-ms="17882">
    <groups>
      <group name="cucumber">
        <method signature="RunnerTest.feature(cucumber.api.testng.CucumberFeatureWrapper)[pri:0, instance:AutomationTest.BrightTalkTest.RunnerTest@52e6fdee]" name="feature" class="AutomationTest.BrightTalkTest.RunnerTest"/>
      </group> <!-- cucumber -->
    </groups>
    <test started-at="2020-11-21T18:49:58 PST" name="Command line test" finished-at="2020-11-21T18:50:15 PST" duration-ms="17882">
      <class name="AutomationTest.BrightTalkTest.RunnerTest">
        <test-method is-config="true" signature="setUpClass()[pri:0, instance:AutomationTest.BrightTalkTest.RunnerTest@52e6fdee]" started-at="2020-11-21T18:49:58 PST" name="setUpClass" finished-at="2020-11-21T18:49:58 PST" duration-ms="148" status="PASS">
          <reporter-output>
          </reporter-output>
        </test-method> <!-- setUpClass -->
        <test-method signature="feature(cucumber.api.testng.CucumberFeatureWrapper)[pri:0, instance:AutomationTest.BrightTalkTest.RunnerTest@52e6fdee]" started-at="2020-11-21T18:49:58 PST" name="feature" description="Runs Cucumber Feature" data-provider="features" finished-at="2020-11-21T18:50:13 PST" duration-ms="15740" status="PASS">
          <params>
            <param index="0">
              <value>
                <![CDATA[API test]]>
              </value>
            </param>
          </params>
          <reporter-output>
          </reporter-output>
        </test-method> <!-- feature -->
        <test-method signature="feature(cucumber.api.testng.CucumberFeatureWrapper)[pri:0, instance:AutomationTest.BrightTalkTest.RunnerTest@52e6fdee]" started-at="2020-11-21T18:50:13 PST" name="feature" description="Runs Cucumber Feature" data-provider="features" finished-at="2020-11-21T18:50:15 PST" duration-ms="1895" status="PASS">
          <params>
            <param index="0">
              <value>
                <![CDATA[BrightTalk  Sample Test]]>
              </value>
            </param>
          </params>
          <reporter-output>
          </reporter-output>
        </test-method> <!-- feature -->
        <test-method is-config="true" signature="tearDownClass()[pri:0, instance:AutomationTest.BrightTalkTest.RunnerTest@52e6fdee]" started-at="2020-11-21T18:50:15 PST" name="tearDownClass" finished-at="2020-11-21T18:50:15 PST" duration-ms="10" status="PASS">
          <reporter-output>
          </reporter-output>
        </test-method> <!-- tearDownClass -->
      </class> <!-- AutomationTest.BrightTalkTest.RunnerTest -->
    </test> <!-- Command line test -->
  </suite> <!-- AutomationTest.BrightTalkTest.RunnerTest -->
</testng-results>
